--------------------------------------------------
Commit and push failed, will try to merge.
Get latest from Repository
Remote repo have changed these Configurations:
Internal
SAPCM_PYTHON.FS_GITHUB
--------------------------------------------------
Automatically importing configurations
This export was done 2025-09-01 00:40:21
at host localhost.localdomain by mzadmin@DR.
Import started at 2025-09-01 23:34:26
Input source is SAPCM_DATA
--------------------------------------------------
[Configuration/File System Profile] - Importing SAPCM_PYTHON.FS_GITHUB.
--------------------------------------------------
Revalidating affected configurations
--------------------------------------------------
Import finished at 2025-09-01 23:34:26
Automatically importing configurations
This export was done 2025-09-01 00:40:21
at host localhost.localdomain by mzadmin@DR.
Import started at 2025-09-01 23:34:26
Input source is SAPCM_DATA
--------------------------------------------------
Revalidating affected configurations
--------------------------------------------------
Import finished at 2025-09-01 23:34:26
Export started at 2025-09-01 23:38:39
Output target is (SAPCM_REPO / main) /SAPCM_DATA
--------------------------------------------------
[Configuration/SAPCM_PYTHON/Ultra Format] - Exporting SAPCM_PYTHON.UFL_Reddit
--------------------------------------------------
[Configuration/SAPCM_PYTHON/Workflow] - Exporting SAPCM_PYTHON.WFL_CreateSlideShow
[Configuration/SAPCM_PYTHON/Workflow] - Exporting SAPCM_PYTHON.WFL_RedditFetch
--------------------------------------------------
Export finished at 2025-09-01 23:38:40
